make all --print-data-base --no-builtin-variables --no-builtin-rules --question
make: *** No rule to make target 'all'.  Stop.

# GNU Make 4.3
# Built for aarch64-unknown-linux-gnu
# Copyright (C) 1988-2020 Free Software Foundation, Inc.
# License GPLv3+: GNU GPL version 3 or later <http://gnu.org/licenses/gpl.html>
# This is free software: you are free to change and redistribute it.
# There is NO WARRANTY, to the extent permitted by law.

# Make data base, printed on Fri Aug 26 13:48:06 2022

# Variables

# environment
GDK_BACKEND = x11
# environment
LC_ALL = C
# environment
GNOME_SHELL_SESSION_MODE = ubuntu
# environment
SSH_AGENT_LAUNCHER = gnome-keyring
# environment
GJS_DEBUG_OUTPUT = stderr
# environment
VSCODE_CWD = /home/vigneshubuntu
# makefile (from 'Makefile', line 8)
LIBS = -lpthread
# default
MAKE_COMMAND := make
# environment
QT_ACCESSIBILITY = 1
# automatic
@D = $(patsubst %/,%,$(dir $@))
# environment
VSCODE_HANDLES_UNCAUGHT_ERRORS = true
# default
.VARIABLES := 
# environment
PWD = /home/vigneshubuntu/Documents/CSCI3753/Multilookup
# automatic
%D = $(patsubst %/,%,$(dir $%))
# environment
XDG_DATA_DIRS = /usr/share/ubuntu:/usr/local/share/:/usr/share/:/var/lib/snapd/desktop
# automatic
^D = $(patsubst %/,%,$(dir $^))
# automatic
%F = $(notdir $%)
# environment
VSCODE_CODE_CACHE_PATH = /home/vigneshubuntu/.config/Code/CachedData/e4503b30fc78200f846c62cf8091b76ff5547662
# environment
LANG = C
# makefile (from 'Makefile', line 14)
MHDRS = array.h multi-lookup.h
# environment
XAUTHORITY = /run/user/1000/.mutter-Xwaylandauth.CC2KR1
# default
.LOADED := 
# default
.INCLUDE_DIRS = /usr/local/include /usr/include /usr/include
# makefile
MAKEFLAGS = pqrR
# makefile
CURDIR := /home/vigneshubuntu/Documents/CSCI3753/Multilookup
# environment
APPLICATION_INSIGHTS_NO_DIAGNOSTIC_CHANNEL = 1
# environment
LESSOPEN = | /usr/bin/lesspipe %s
# makefile (from 'Makefile', line 17)
SRCS = $(MSRCS) util.c
# automatic
*D = $(patsubst %/,%,$(dir $*))
# environment
MFLAGS = -pqrR
# environment
SSH_AUTH_SOCK = /run/user/1000/keyring/ssh
# default
.SHELLFLAGS := -c
# environment
WAYLAND_DISPLAY = wayland-0
# environment
XDG_CONFIG_DIRS = /etc/xdg/xdg-ubuntu:/etc/xdg
# automatic
+D = $(patsubst %/,%,$(dir $+))
# environment
XDG_SESSION_DESKTOP = ubuntu
# makefile (from 'Makefile', line 1)
MAKEFILE_LIST := Makefile
# automatic
@F = $(notdir $@)
# environment
VSCODE_PID = 2056
# environment
XDG_SESSION_TYPE = wayland
# automatic
?D = $(patsubst %/,%,$(dir $?))
# makefile (from 'Makefile', line 6)
INCLUDES = 
# environment
SESSION_MANAGER = local/vigneshubuntu:@/tmp/.ICE-unix/1560,unix/vigneshubuntu:/tmp/.ICE-unix/1560
# automatic
*F = $(notdir $*)
# environment
CHROME_DESKTOP = code-url-handler.desktop
# environment
DBUS_SESSION_BUS_ADDRESS = unix:path=/run/user/1000/bus
# automatic
<D = $(patsubst %/,%,$(dir $<))
# environment
VSCODE_NLS_CONFIG = {"locale":"en-us","availableLanguages":{},"_languagePackSupport":true}
# default
MAKE_HOST := aarch64-unknown-linux-gnu
# makefile (from 'Makefile', line 20)
OBJS = $(SRCS:.c=.o) 
# environment
GNOME_DESKTOP_SESSION_ID = this-is-deprecated
# makefile
SHELL = /bin/sh
# default
MAKECMDGOALS := all
# environment
XMODIFIERS = @im=ibus
# environment
GJS_DEBUG_TOPICS = JS ERROR;JS LOG
# environment
SHLVL = 0
# makefile (from 'Makefile', line 18)
HDRS = $(MHDRS) util.h
# environment
MAKELEVEL := 0
# environment
IM_CONFIG_CHECK_ENV = 1
# default
MAKE = $(MAKE_COMMAND)
# environment
PATH = /usr/local/sbin:/usr/local/bin:/usr/sbin:/usr/bin:/sbin:/bin:/usr/games:/usr/local/games:/snap/bin:/snap/bin
# default
MAKEFILES := 
# automatic
^F = $(notdir $^)
# makefile (from 'Makefile', line 10)
MAIN = multi-lookup
# environment
INVOCATION_ID = 100926306b0b47119c1b13f5b84995eb
# environment
USERNAME = vigneshubuntu
# environment
GNOME_SETUP_DISPLAY = :1
# environment
LESSCLOSE = /usr/bin/lesspipe %s %s
# automatic
?F = $(notdir $?)
# environment
XDG_CURRENT_DESKTOP = Unity
# environment
LS_COLORS = 
# automatic
+F = $(notdir $+)
# environment
DESKTOP_SESSION = ubuntu
# environment
ORIGINAL_XDG_CURRENT_DESKTOP = ubuntu:GNOME
# 'override' directive
GNUMAKEFLAGS := 
# environment
LOGNAME = vigneshubuntu
# environment
GIO_LAUNCHED_DESKTOP_FILE = /usr/share/applications/code.desktop
# makefile
.DEFAULT_GOAL := multi-lookup
# makefile (from 'Makefile', line 32)
SUBMITFILES = $(MSRCS) $(MHDRS) Makefile
# environment
SYSTEMD_EXEC_PID = 1596
# makefile (from 'Makefile', line 13)
MSRCS = array.c  multi-lookup.c
# environment
DISPLAY = :0
# environment
USER = vigneshubuntu
# environment
GTK_MODULES = gail:atk-bridge
# default
MAKE_VERSION := 4.3
# environment
MANAGERPID = 1458
# environment
GIO_LAUNCHED_DESKTOP_FILE_PID = 2056
# environment
_ = /usr/share/code/code
# environment
XDG_RUNTIME_DIR = /run/user/1000
# makefile (from 'Makefile', line 5)
CFLAGS = -Wextra -Wall -pedantic -g -std=gnu99
# environment
JOURNAL_STREAM = 8:22446
# environment
XDG_SESSION_CLASS = user
# environment
VSCODE_AMD_ENTRYPOINT = vs/workbench/api/node/extensionHostProcess
# environment
HOME = /home/vigneshubuntu
# environment
QT_IM_MODULE = ibus
# environment
ELECTRON_RUN_AS_NODE = 1
# environment
VSCODE_IPC_HOOK = /run/user/1000/vscode-c6fc1c7f-1.70.2-main.sock
# environment
IM_CONFIG_PHASE = 1
# default
.RECIPEPREFIX := 
# automatic
<F = $(notdir $<)
# default
SUFFIXES := 
# default
.FEATURES := target-specific order-only second-expansion else-if shortest-stem undefine oneshell nocomment grouped-target extra-prereqs archives jobserver output-sync check-symlink load
# makefile (from 'Makefile', line 4)
CC = clang
# makefile (from 'Makefile', line 7)
LFLAGS = 
# environment
XDG_MENU_PREFIX = gnome-
# environment
GDMSESSION = ubuntu
# variable set hash-table stats:
# Load=106/1024=10%, Rehash=0, Collisions=8/142=6%

# Pattern-specific Variable Values

# No pattern-specific variable values.

# Directories

# . (device 64768, inode 1706599): 22 files, no impossibilities.

# 22 files, no impossibilities in 1 directories.

# Implicit Rules

%.o: %.c array.h multi-lookup.h util.h
#  recipe to execute (from 'Makefile', line 26):
	$(CC) $(CFLAGS) $(INCLUDES) -c $< -o $@

# 1 implicit rules, 0 (0.0%) terminal.
# Files

multi-lookup: array.o multi-lookup.o util.o
#  Implicit rule search has not been done.
#  Modification time never checked.
#  File has not been updated.
#  recipe to execute (from 'Makefile', line 23):
	$(CC) $(CFLAGS) $(INCLUDES) -o $(MAIN) $(OBJS) $(LFLAGS) $(LIBS)

# Not a target:
Makefile:
#  Implicit rule search has been done.
#  Last modified 2022-08-25 19:01:22.64909871
#  File has been updated.
#  Successfully updated.

# Not a target:
util.o:
#  Implicit rule search has not been done.
#  Modification time never checked.
#  File has not been updated.

clean:
#  Phony target (prerequisite of .PHONY).
#  Implicit rule search has not been done.
#  File does not exist.
#  File has not been updated.
#  recipe to execute (from 'Makefile', line 30):
	$(RM) *.o *~ $(MAIN)

# Not a target:
array.o:
#  Implicit rule search has not been done.
#  Modification time never checked.
#  File has not been updated.

# Not a target:
 
.DEFAULT:
#  Implicit rule search has not been done.
#  Modification time never checked.
#  File has not been updated.

# Not a target:
all:
#  Command line target.
#  Implicit rule search has been done.
#  File does not exist.
#  File has not been updated.

submit:
#  Implicit rule search has not been done.
#  Modification time never checked.
#  File has not been updated.
#  recipe to execute (from 'Makefile', line 34):
	@read -r -p "Enter your identikey username: " username; \
	echo; echo Bundling the following files for submission; \
	tar --transform "s|^|PA3-$$username/|" -cvf PA3-$$username.txt $(SUBMITFILES); \
	echo; echo Please upload the file PA3-$$username.txt to Canvas to complete your submission; echo

# Not a target:
multi-lookup.o:
#  Implicit rule search has not been done.
#  Modification time never checked.
#  File has not been updated.

.PHONY: clean
#  Implicit rule search has not been done.
#  Modification time never checked.
#  File has not been updated.

# files hash-table stats:
# Load=11/1024=1%, Rehash=0, Collisions=0/26=0%
# VPATH Search Paths

# No 'vpath' search paths.

# No general ('VPATH' variable) search path.

# strcache buffers: 1 (0) / strings = 32 / storage = 304 B / avg = 9 B
# current buf: size = 8162 B / used = 304 B / count = 32 / avg = 9 B

# strcache performance: lookups = 48 / hit rate = 33%
# hash-table stats:
# Load=32/8192=0%, Rehash=0, Collisions=0/48=0%
# Finished Make data base on Fri Aug 26 13:48:06 2022

 
